<?xml version="1.0" encoding="UTF-8"?>
<!-- Generated by org.testng.reporters.JUnitReportReporter -->
<testsuite hostname="DESKTOP-8SKARJ9" failures="0" tests="1" name="com.linkedin.qa.testcases.HomePageTest" time="44.825" errors="0" timestamp="2022-03-14T02:12:09 IST" skipped="0">
  <testcase classname="com.linkedin.qa.testcases.HomePageTest" name="scrollPage" time="44.825"/>
  <system-out/>
</testsuite> <!-- com.linkedin.qa.testcases.HomePageTest -->
