<?xml version="1.0" encoding="UTF-8"?>
<!-- Generated by org.testng.reporters.JUnitReportReporter -->
<testsuite hostname="DESKTOP-8SKARJ9" failures="0" tests="9" name="com.linkedin.qa.testcases.LoginPageTest" time="106.281" errors="0" timestamp="2022-03-16T15:11:50 IST" skipped="0">
  <testcase classname="com.linkedin.qa.testcases.LoginPageTest" name="loginPageTitleTest" time="5.741"/>
  <system-out/>
  <testcase classname="com.linkedin.qa.testcases.LoginPageTest" name="loginPageTitleTestWithLogs" time="4.945"/>
  <system-out/>
  <testcase classname="com.linkedin.qa.testcases.LoginPageTest" name="multipleLoginTest" time="20.640"/>
  <system-out/>
  <testcase classname="com.linkedin.qa.testcases.LoginPageTest" name="loginTest" time="18.499"/>
  <system-out/>
  <testcase classname="com.linkedin.qa.testcases.LoginPageTest" name="test_AfterLogin_TakeScreenshot" time="25.698"/>
  <system-out/>
  <testcase classname="com.linkedin.qa.testcases.LoginPageTest" name="multipleLoginTest" time="8.778"/>
  <system-out/>
  <testcase classname="com.linkedin.qa.testcases.LoginPageTest" name="multipleLoginTest" time="7.021"/>
  <system-out/>
  <testcase classname="com.linkedin.qa.testcases.LoginPageTest" name="multipleLoginTest" time="7.757"/>
  <system-out/>
  <testcase classname="com.linkedin.qa.testcases.LoginPageTest" name="multipleLoginTest" time="7.202"/>
  <system-out/>
</testsuite> <!-- com.linkedin.qa.testcases.LoginPageTest -->
