<?xml version="1.0" encoding="UTF-8"?>
<!-- Generated by org.testng.reporters.JUnitReportReporter -->
<testsuite hostname="DESKTOP-8SKARJ9" failures="0" tests="1" name="com.linkedin.qa.testcases.SignUpPageTest" time="8.112" errors="0" timestamp="14 Mar 2022 09:11:39 GMT" skipped="0">
  <testcase classname="com.linkedin.qa.testcases.SignUpPageTest" name="test_SignUp" time="8.112"/>
</testsuite> <!-- com.linkedin.qa.testcases.SignUpPageTest -->
