<?xml version="1.0" encoding="UTF-8"?>
<!-- Generated by org.testng.reporters.JUnitReportReporter -->
<testsuite hostname="DESKTOP-8SKARJ9" failures="0" tests="9" name="com.linkedin.qa.testcases.LoginPageTest" time="97.296" errors="0" timestamp="2022-03-16T04:08:09 IST" skipped="0">
  <testcase classname="com.linkedin.qa.testcases.LoginPageTest" name="loginPageTitleTest" time="4.724"/>
  <system-out/>
  <testcase classname="com.linkedin.qa.testcases.LoginPageTest" name="loginPageTitleTestWithLogs" time="4.748"/>
  <system-out/>
  <testcase classname="com.linkedin.qa.testcases.LoginPageTest" name="multipleLoginTest" time="7.917"/>
  <system-out/>
  <testcase classname="com.linkedin.qa.testcases.LoginPageTest" name="multipleLoginTest" time="7.395"/>
  <system-out/>
  <testcase classname="com.linkedin.qa.testcases.LoginPageTest" name="multipleLoginTest" time="18.588"/>
  <system-out/>
  <testcase classname="com.linkedin.qa.testcases.LoginPageTest" name="loginTest" time="15.747"/>
  <system-out/>
  <testcase classname="com.linkedin.qa.testcases.LoginPageTest" name="test_AfterLogin_TakeScreenshot" time="20.217"/>
  <system-out/>
  <testcase classname="com.linkedin.qa.testcases.LoginPageTest" name="multipleLoginTest" time="8.801"/>
  <system-out/>
  <testcase classname="com.linkedin.qa.testcases.LoginPageTest" name="multipleLoginTest" time="9.159"/>
  <system-out/>
</testsuite> <!-- com.linkedin.qa.testcases.LoginPageTest -->
