<?xml version="1.0" encoding="UTF-8"?>
<!-- Generated by org.testng.reporters.JUnitReportReporter -->
<testsuite hostname="DESKTOP-8SKARJ9" failures="0" tests="1" name="com.linkedin.qa.testcases.LoginPageTest" time="21.947" errors="0" timestamp="14 Mar 2022 06:58:03 GMT" skipped="0">
  <testcase classname="com.linkedin.qa.testcases.LoginPageTest" name="test_AfterLogin_TakeScreenshot" time="21.947"/>
</testsuite> <!-- com.linkedin.qa.testcases.LoginPageTest -->
