<?xml version="1.0" encoding="UTF-8"?>
<!-- Generated by org.testng.reporters.JUnitReportReporter -->
<testsuite hostname="DESKTOP-8SKARJ9" failures="0" tests="1" name="com.linkedin.qa.testcases.LogoutPagetTest" time="16.112" errors="0" timestamp="2022-03-16T04:08:09 IST" skipped="0">
  <testcase classname="com.linkedin.qa.testcases.LogoutPagetTest" name="verifyLogout" time="16.112"/>
  <system-out/>
</testsuite> <!-- com.linkedin.qa.testcases.LogoutPagetTest -->
