<?xml version="1.0" encoding="UTF-8"?>
<!-- Generated by org.testng.reporters.JUnitReportReporter -->
<testsuite hostname="DESKTOP-8SKARJ9" failures="0" tests="1" name="com.linkedin.qa.testcases.SignUpPageTest" time="7.701" errors="0" timestamp="2022-03-16T15:11:50 IST" skipped="0">
  <testcase classname="com.linkedin.qa.testcases.SignUpPageTest" name="test_SignUp" time="7.701"/>
  <system-out/>
</testsuite> <!-- com.linkedin.qa.testcases.SignUpPageTest -->
